<?xml version="1.0" encoding="UTF-8"?>
<coverage generated="1687972931898" clover="3.2.0">
  <project timestamp="1687972931898" name="All files">
    <metrics statements="37" coveredstatements="37" conditionals="11" coveredconditionals="11" methods="11" coveredmethods="11" elements="59" coveredelements="59" complexity="0" loc="37" ncloc="37" packages="1" files="1" classes="1"/>
    <file name="queueLinkedList.js" path="C:\Users\Alexa Ngo\Desktop\JESTProjects\queueLinkedListAPIs\queueLinkedList.js">
      <metrics statements="37" coveredstatements="37" conditionals="11" coveredconditionals="11" methods="11" coveredmethods="11"/>
      <line num="3" count="53" type="stmt"/>
      <line num="4" count="53" type="stmt"/>
      <line num="8" count="162" type="stmt"/>
      <line num="12" count="38" type="stmt"/>
      <line num="16" count="24" type="stmt"/>
      <line num="22" count="19" type="stmt"/>
      <line num="23" count="19" type="stmt"/>
      <line num="27" count="52" type="stmt"/>
      <line num="28" count="52" type="cond" truecount="2" falsecount="0"/>
      <line num="29" count="14" type="stmt"/>
      <line num="30" count="14" type="stmt"/>
      <line num="31" count="14" type="stmt"/>
      <line num="33" count="38" type="stmt"/>
      <line num="34" count="47" type="stmt"/>
      <line num="36" count="38" type="stmt"/>
      <line num="37" count="38" type="stmt"/>
      <line num="38" count="38" type="stmt"/>
      <line num="42" count="12" type="cond" truecount="2" falsecount="0"/>
      <line num="43" count="1" type="stmt"/>
      <line num="45" count="11" type="stmt"/>
      <line num="46" count="11" type="stmt"/>
      <line num="50" count="3" type="cond" truecount="2" falsecount="0"/>
      <line num="51" count="1" type="stmt"/>
      <line num="53" count="2" type="stmt"/>
      <line num="57" count="4" type="cond" truecount="2" falsecount="0"/>
      <line num="58" count="1" type="stmt"/>
      <line num="60" count="3" type="stmt"/>
      <line num="65" count="2" type="cond" truecount="2" falsecount="0"/>
      <line num="66" count="1" type="stmt"/>
      <line num="68" count="1" type="stmt"/>
      <line num="73" count="10" type="stmt"/>
      <line num="74" count="10" type="stmt"/>
      <line num="75" count="19" type="stmt"/>
      <line num="76" count="19" type="stmt"/>
      <line num="77" count="19" type="stmt"/>
      <line num="79" count="10" type="stmt"/>
      <line num="80" count="10" type="stmt"/>
    </file>
  </project>
</coverage>
