{"C:\\Users\\Alexa Ngo\\Desktop\\JESTProjects\\queueLinkedListAPIs\\queueLinkedList.js": {"path":"C:\\Users\\Alexa Ngo\\Desktop\\JESTProjects\\queueLinkedListAPIs\\queueLinkedList.js","statementMap":{"0":{"start":{"line":3,"column":4},"end":{"line":3,"column":24}},"1":{"start":{"line":4,"column":4},"end":{"line":4,"column":22}},"2":{"start":{"line":8,"column":4},"end":{"line":8,"column":22}},"3":{"start":{"line":12,"column":4},"end":{"line":12,"column":25}},"4":{"start":{"line":16,"column":4},"end":{"line":16,"column":23}},"5":{"start":{"line":22,"column":4},"end":{"line":22,"column":22}},"6":{"start":{"line":23,"column":4},"end":{"line":23,"column":26}},"7":{"start":{"line":27,"column":15},"end":{"line":27,"column":25}},"8":{"start":{"line":28,"column":4},"end":{"line":32,"column":5}},"9":{"start":{"line":29,"column":6},"end":{"line":29,"column":24}},"10":{"start":{"line":30,"column":6},"end":{"line":30,"column":28}},"11":{"start":{"line":31,"column":6},"end":{"line":31,"column":24}},"12":{"start":{"line":33,"column":4},"end":{"line":35,"column":5}},"13":{"start":{"line":34,"column":6},"end":{"line":34,"column":28}},"14":{"start":{"line":36,"column":4},"end":{"line":36,"column":23}},"15":{"start":{"line":37,"column":4},"end":{"line":37,"column":26}},"16":{"start":{"line":38,"column":4},"end":{"line":38,"column":22}},"17":{"start":{"line":42,"column":4},"end":{"line":44,"column":5}},"18":{"start":{"line":43,"column":6},"end":{"line":43,"column":39}},"19":{"start":{"line":45,"column":4},"end":{"line":45,"column":38}},"20":{"start":{"line":46,"column":4},"end":{"line":46,"column":22}},"21":{"start":{"line":50,"column":4},"end":{"line":52,"column":5}},"22":{"start":{"line":51,"column":6},"end":{"line":51,"column":39}},"23":{"start":{"line":53,"column":4},"end":{"line":53,"column":33}},"24":{"start":{"line":57,"column":4},"end":{"line":61,"column":5}},"25":{"start":{"line":58,"column":6},"end":{"line":58,"column":39}},"26":{"start":{"line":60,"column":6},"end":{"line":60,"column":39}},"27":{"start":{"line":65,"column":4},"end":{"line":69,"column":5}},"28":{"start":{"line":66,"column":6},"end":{"line":66,"column":18}},"29":{"start":{"line":68,"column":6},"end":{"line":68,"column":19}},"30":{"start":{"line":73,"column":17},"end":{"line":73,"column":40}},"31":{"start":{"line":74,"column":4},"end":{"line":78,"column":5}},"32":{"start":{"line":75,"column":18},"end":{"line":75,"column":39}},"33":{"start":{"line":76,"column":6},"end":{"line":76,"column":39}},"34":{"start":{"line":77,"column":6},"end":{"line":77,"column":40}},"35":{"start":{"line":79,"column":4},"end":{"line":79,"column":29}},"36":{"start":{"line":80,"column":4},"end":{"line":80,"column":18}}},"fnMap":{"0":{"name":"(anonymous_0)","decl":{"start":{"line":2,"column":2},"end":{"line":2,"column":3}},"loc":{"start":{"line":2,"column":21},"end":{"line":5,"column":3}},"line":2},"1":{"name":"(anonymous_1)","decl":{"start":{"line":7,"column":2},"end":{"line":7,"column":3}},"loc":{"start":{"line":7,"column":12},"end":{"line":9,"column":3}},"line":7},"2":{"name":"(anonymous_2)","decl":{"start":{"line":11,"column":2},"end":{"line":11,"column":3}},"loc":{"start":{"line":11,"column":19},"end":{"line":13,"column":3}},"line":11},"3":{"name":"(anonymous_3)","decl":{"start":{"line":15,"column":2},"end":{"line":15,"column":3}},"loc":{"start":{"line":15,"column":13},"end":{"line":17,"column":3}},"line":15},"4":{"name":"(anonymous_4)","decl":{"start":{"line":21,"column":2},"end":{"line":21,"column":3}},"loc":{"start":{"line":21,"column":27},"end":{"line":24,"column":3}},"line":21},"5":{"name":"(anonymous_5)","decl":{"start":{"line":26,"column":2},"end":{"line":26,"column":3}},"loc":{"start":{"line":26,"column":16},"end":{"line":39,"column":3}},"line":26},"6":{"name":"(anonymous_6)","decl":{"start":{"line":41,"column":2},"end":{"line":41,"column":3}},"loc":{"start":{"line":41,"column":12},"end":{"line":47,"column":3}},"line":41},"7":{"name":"(anonymous_7)","decl":{"start":{"line":49,"column":2},"end":{"line":49,"column":3}},"loc":{"start":{"line":49,"column":22},"end":{"line":54,"column":3}},"line":49},"8":{"name":"(anonymous_8)","decl":{"start":{"line":56,"column":2},"end":{"line":56,"column":3}},"loc":{"start":{"line":56,"column":21},"end":{"line":62,"column":3}},"line":56},"9":{"name":"(anonymous_9)","decl":{"start":{"line":64,"column":2},"end":{"line":64,"column":3}},"loc":{"start":{"line":64,"column":12},"end":{"line":70,"column":3}},"line":64},"10":{"name":"(anonymous_10)","decl":{"start":{"line":72,"column":2},"end":{"line":72,"column":3}},"loc":{"start":{"line":72,"column":13},"end":{"line":81,"column":3}},"line":72}},"branchMap":{"0":{"loc":{"start":{"line":21,"column":14},"end":{"line":21,"column":25}},"type":"default-arg","locations":[{"start":{"line":21,"column":21},"end":{"line":21,"column":25}}],"line":21},"1":{"loc":{"start":{"line":28,"column":4},"end":{"line":32,"column":5}},"type":"if","locations":[{"start":{"line":28,"column":4},"end":{"line":32,"column":5}},{"start":{},"end":{}}],"line":28},"2":{"loc":{"start":{"line":42,"column":4},"end":{"line":44,"column":5}},"type":"if","locations":[{"start":{"line":42,"column":4},"end":{"line":44,"column":5}},{"start":{},"end":{}}],"line":42},"3":{"loc":{"start":{"line":50,"column":4},"end":{"line":52,"column":5}},"type":"if","locations":[{"start":{"line":50,"column":4},"end":{"line":52,"column":5}},{"start":{},"end":{}}],"line":50},"4":{"loc":{"start":{"line":57,"column":4},"end":{"line":61,"column":5}},"type":"if","locations":[{"start":{"line":57,"column":4},"end":{"line":61,"column":5}},{"start":{"line":59,"column":11},"end":{"line":61,"column":5}}],"line":57},"5":{"loc":{"start":{"line":65,"column":4},"end":{"line":69,"column":5}},"type":"if","locations":[{"start":{"line":65,"column":4},"end":{"line":69,"column":5}},{"start":{"line":67,"column":11},"end":{"line":69,"column":5}}],"line":65}},"s":{"0":53,"1":53,"2":162,"3":38,"4":24,"5":19,"6":19,"7":52,"8":52,"9":14,"10":14,"11":14,"12":38,"13":47,"14":38,"15":38,"16":38,"17":12,"18":1,"19":11,"20":11,"21":3,"22":1,"23":2,"24":4,"25":1,"26":3,"27":2,"28":1,"29":1,"30":10,"31":10,"32":19,"33":19,"34":19,"35":10,"36":10},"f":{"0":53,"1":162,"2":38,"3":24,"4":19,"5":52,"6":12,"7":3,"8":4,"9":2,"10":10},"b":{"0":[19],"1":[14,38],"2":[1,11],"3":[1,2],"4":[1,3],"5":[1,1]},"_coverageSchema":"1a1c01bbd47fc00a2c39e90264f33305004495a9","hash":"b2f0282ced0eb715d80dd275a5732e9caccee55c"}
}
