TN:
SF:queueLinkedList.js
FN:2,(anonymous_0)
FN:7,(anonymous_1)
FN:11,(anonymous_2)
FN:15,(anonymous_3)
FN:21,(anonymous_4)
FN:26,(anonymous_5)
FN:41,(anonymous_6)
FN:49,(anonymous_7)
FN:56,(anonymous_8)
FN:64,(anonymous_9)
FN:72,(anonymous_10)
FNF:11
FNH:11
FNDA:53,(anonymous_0)
FNDA:162,(anonymous_1)
FNDA:38,(anonymous_2)
FNDA:24,(anonymous_3)
FNDA:19,(anonymous_4)
FNDA:52,(anonymous_5)
FNDA:12,(anonymous_6)
FNDA:3,(anonymous_7)
FNDA:4,(anonymous_8)
FNDA:2,(anonymous_9)
FNDA:10,(anonymous_10)
DA:3,53
DA:4,53
DA:8,162
DA:12,38
DA:16,24
DA:22,19
DA:23,19
DA:27,52
DA:28,52
DA:29,14
DA:30,14
DA:31,14
DA:33,38
DA:34,47
DA:36,38
DA:37,38
DA:38,38
DA:42,12
DA:43,1
DA:45,11
DA:46,11
DA:50,3
DA:51,1
DA:53,2
DA:57,4
DA:58,1
DA:60,3
DA:65,2
DA:66,1
DA:68,1
DA:73,10
DA:74,10
DA:75,19
DA:76,19
DA:77,19
DA:79,10
DA:80,10
LF:37
LH:37
BRDA:21,0,0,19
BRDA:28,1,0,14
BRDA:28,1,1,38
BRDA:42,2,0,1
BRDA:42,2,1,11
BRDA:50,3,0,1
BRDA:50,3,1,2
BRDA:57,4,0,1
BRDA:57,4,1,3
BRDA:65,5,0,1
BRDA:65,5,1,1
BRF:11
BRH:11
end_of_record
