TN:
SF:queueAPI.js
FN:2,(anonymous_0)
FN:7,(anonymous_1)
FN:12,(anonymous_2)
FN:18,(anonymous_3)
FN:23,(anonymous_4)
FN:29,(anonymous_5)
FN:37,(anonymous_6)
FNF:7
FNH:7
FNDA:18,(anonymous_0)
FNDA:52,(anonymous_1)
FNDA:3,(anonymous_2)
FNDA:3,(anonymous_3)
FNDA:3,(anonymous_4)
FNDA:2,(anonymous_5)
FNDA:8,(anonymous_6)
DA:3,18
DA:8,52
DA:13,3
DA:14,3
DA:19,3
DA:24,3
DA:25,3
DA:30,2
DA:31,1
DA:33,1
DA:38,8
DA:39,8
DA:40,27
DA:42,8
DA:43,8
LF:15
LH:15
BRDA:30,0,0,1
BRDA:30,0,1,1
BRF:2
BRH:2
end_of_record
