<?xml version="1.0" encoding="UTF-8"?>
<coverage generated="1687900978645" clover="3.2.0">
  <project timestamp="1687900978645" name="All files">
    <metrics statements="29" coveredstatements="29" conditionals="7" coveredconditionals="7" methods="10" coveredmethods="10" elements="46" coveredelements="46" complexity="0" loc="29" ncloc="29" packages="1" files="1" classes="1"/>
    <file name="stackLinkedList.js" path="C:\Users\Alexa Ngo\Desktop\JESTProjects\stackLinkedListAPIs\stackLinkedList.js">
      <metrics statements="29" coveredstatements="29" conditionals="7" coveredconditionals="7" methods="10" coveredmethods="10"/>
      <line num="3" count="44" type="stmt"/>
      <line num="4" count="44" type="stmt"/>
      <line num="8" count="22" type="stmt"/>
      <line num="12" count="32" type="stmt"/>
      <line num="16" count="43" type="stmt"/>
      <line num="22" count="17" type="stmt"/>
      <line num="23" count="17" type="stmt"/>
      <line num="27" count="43" type="stmt"/>
      <line num="28" count="43" type="stmt"/>
      <line num="29" count="43" type="stmt"/>
      <line num="30" count="43" type="stmt"/>
      <line num="34" count="13" type="cond" truecount="2" falsecount="0"/>
      <line num="35" count="1" type="stmt"/>
      <line num="37" count="12" type="stmt"/>
      <line num="38" count="12" type="stmt"/>
      <line num="39" count="12" type="stmt"/>
      <line num="43" count="3" type="cond" truecount="2" falsecount="0"/>
      <line num="44" count="1" type="stmt"/>
      <line num="46" count="2" type="stmt"/>
      <line num="50" count="2" type="cond" truecount="2" falsecount="0"/>
      <line num="51" count="1" type="stmt"/>
      <line num="53" count="1" type="stmt"/>
      <line num="58" count="10" type="stmt"/>
      <line num="59" count="10" type="stmt"/>
      <line num="60" count="20" type="stmt"/>
      <line num="61" count="20" type="stmt"/>
      <line num="62" count="20" type="stmt"/>
      <line num="64" count="10" type="stmt"/>
      <line num="65" count="10" type="stmt"/>
    </file>
  </project>
</coverage>
