TN:
SF:stackLinkedList.js
FN:2,(anonymous_0)
FN:7,(anonymous_1)
FN:11,(anonymous_2)
FN:15,(anonymous_3)
FN:21,(anonymous_4)
FN:26,(anonymous_5)
FN:33,(anonymous_6)
FN:42,(anonymous_7)
FN:49,(anonymous_8)
FN:57,(anonymous_9)
FNF:10
FNH:10
FNDA:44,(anonymous_0)
FNDA:22,(anonymous_1)
FNDA:32,(anonymous_2)
FNDA:43,(anonymous_3)
FNDA:17,(anonymous_4)
FNDA:43,(anonymous_5)
FNDA:13,(anonymous_6)
FNDA:3,(anonymous_7)
FNDA:2,(anonymous_8)
FNDA:10,(anonymous_9)
DA:3,44
DA:4,44
DA:8,22
DA:12,32
DA:16,43
DA:22,17
DA:23,17
DA:27,43
DA:28,43
DA:29,43
DA:30,43
DA:34,13
DA:35,1
DA:37,12
DA:38,12
DA:39,12
DA:43,3
DA:44,1
DA:46,2
DA:50,2
DA:51,1
DA:53,1
DA:58,10
DA:59,10
DA:60,20
DA:61,20
DA:62,20
DA:64,10
DA:65,10
LF:29
LH:29
BRDA:21,0,0,17
BRDA:34,1,0,1
BRDA:34,1,1,12
BRDA:43,2,0,1
BRDA:43,2,1,2
BRDA:50,3,0,1
BRDA:50,3,1,1
BRF:7
BRH:7
end_of_record
