<?xml version="1.0" encoding="UTF-8"?>
<coverage generated="1687584896366" clover="3.2.0">
  <project timestamp="1687584896366" name="All files">
    <metrics statements="4" coveredstatements="4" conditionals="0" coveredconditionals="0" methods="4" coveredmethods="4" elements="8" coveredelements="8" complexity="0" loc="4" ncloc="4" packages="1" files="1" classes="1"/>
    <file name="calculator.js" path="C:\Users\Alexa Ngo\Desktop\JESTProjects\calcFunctions\calculator.js">
      <metrics statements="4" coveredstatements="4" conditionals="0" coveredconditionals="0" methods="4" coveredmethods="4"/>
      <line num="2" count="5" type="stmt"/>
      <line num="6" count="4" type="stmt"/>
      <line num="10" count="5" type="stmt"/>
      <line num="14" count="4" type="stmt"/>
    </file>
  </project>
</coverage>
