{"C:\\Users\\Alexa Ngo\\Desktop\\jestPractice\\calculator.js": {"path":"C:\\Users\\Alexa Ngo\\Desktop\\jestPractice\\calculator.js","statementMap":{"0":{"start":{"line":2,"column":2},"end":{"line":2,"column":15}},"1":{"start":{"line":6,"column":2},"end":{"line":6,"column":15}},"2":{"start":{"line":10,"column":2},"end":{"line":10,"column":15}},"3":{"start":{"line":14,"column":2},"end":{"line":14,"column":15}}},"fnMap":{"0":{"name":"sum","decl":{"start":{"line":1,"column":16},"end":{"line":1,"column":19}},"loc":{"start":{"line":1,"column":26},"end":{"line":3,"column":1}},"line":1},"1":{"name":"subtract","decl":{"start":{"line":5,"column":16},"end":{"line":5,"column":24}},"loc":{"start":{"line":5,"column":31},"end":{"line":7,"column":1}},"line":5},"2":{"name":"multiply","decl":{"start":{"line":9,"column":16},"end":{"line":9,"column":24}},"loc":{"start":{"line":9,"column":31},"end":{"line":11,"column":1}},"line":9},"3":{"name":"divide","decl":{"start":{"line":13,"column":16},"end":{"line":13,"column":22}},"loc":{"start":{"line":13,"column":29},"end":{"line":15,"column":1}},"line":13}},"branchMap":{},"s":{"0":5,"1":4,"2":5,"3":4},"f":{"0":5,"1":4,"2":5,"3":4},"b":{},"_coverageSchema":"1a1c01bbd47fc00a2c39e90264f33305004495a9","hash":"dca80d65d683fd7649b98e7ac2575e6f2d42253a"}
}
