<?xml version="1.0" encoding="UTF-8"?>
<coverage generated="1687724347996" clover="3.2.0">
  <project timestamp="1687724347997" name="All files">
    <metrics statements="54" coveredstatements="54" conditionals="11" coveredconditionals="11" methods="10" coveredmethods="10" elements="75" coveredelements="75" complexity="0" loc="54" ncloc="54" packages="1" files="1" classes="1"/>
    <file name="nodeList.js" path="C:\Users\Alexa Ngo\Desktop\JESTProjects\nodeListImplementation\nodeList.js">
      <metrics statements="54" coveredstatements="54" conditionals="11" coveredconditionals="11" methods="10" coveredmethods="10"/>
      <line num="5" count="69" type="stmt"/>
      <line num="6" count="69" type="stmt"/>
      <line num="10" count="73" type="stmt"/>
      <line num="14" count="115" type="stmt"/>
      <line num="18" count="72" type="stmt"/>
      <line num="26" count="15" type="stmt"/>
      <line num="31" count="2" type="stmt"/>
      <line num="32" count="2" type="stmt"/>
      <line num="34" count="2" type="cond" truecount="2" falsecount="0"/>
      <line num="35" count="1" type="stmt"/>
      <line num="36" count="1" type="stmt"/>
      <line num="39" count="1" type="stmt"/>
      <line num="40" count="1" type="stmt"/>
      <line num="42" count="1" type="stmt"/>
      <line num="43" count="1" type="stmt"/>
      <line num="48" count="3" type="stmt"/>
      <line num="50" count="3" type="stmt"/>
      <line num="51" count="11" type="cond" truecount="2" falsecount="0"/>
      <line num="52" count="2" type="stmt"/>
      <line num="54" count="9" type="stmt"/>
      <line num="56" count="1" type="stmt"/>
      <line num="61" count="11" type="stmt"/>
      <line num="62" count="11" type="stmt"/>
      <line num="64" count="11" type="stmt"/>
      <line num="65" count="38" type="stmt"/>
      <line num="66" count="38" type="stmt"/>
      <line num="68" count="11" type="stmt"/>
      <line num="74" count="5" type="stmt"/>
      <line num="75" count="5" type="stmt"/>
      <line num="77" count="5" type="cond" truecount="2" falsecount="0"/>
      <line num="78" count="1" type="stmt"/>
      <line num="79" count="1" type="stmt"/>
      <line num="81" count="4" type="stmt"/>
      <line num="82" count="4" type="cond" truecount="2" falsecount="0"/>
      <line num="83" count="1" type="stmt"/>
      <line num="84" count="1" type="stmt"/>
      <line num="86" count="3" type="stmt"/>
      <line num="88" count="3" type="stmt"/>
      <line num="89" count="11" type="stmt"/>
      <line num="90" count="11" type="cond" truecount="2" falsecount="0"/>
      <line num="91" count="2" type="stmt"/>
      <line num="92" count="2" type="stmt"/>
      <line num="95" count="1" type="stmt"/>
      <line num="101" count="2" type="stmt"/>
      <line num="102" count="2" type="stmt"/>
      <line num="103" count="2" type="stmt"/>
      <line num="104" count="2" type="stmt"/>
      <line num="106" count="2" type="stmt"/>
      <line num="107" count="11" type="stmt"/>
      <line num="108" count="11" type="stmt"/>
      <line num="109" count="11" type="stmt"/>
      <line num="110" count="11" type="stmt"/>
      <line num="112" count="2" type="stmt"/>
      <line num="113" count="2" type="stmt"/>
    </file>
  </project>
</coverage>
