<?xml version="1.0" encoding="UTF-8"?>
<coverage generated="1687720543260" clover="3.2.0">
  <project timestamp="1687720543260" name="All files">
    <metrics statements="54" coveredstatements="54" conditionals="11" coveredconditionals="11" methods="10" coveredmethods="10" elements="75" coveredelements="75" complexity="0" loc="54" ncloc="54" packages="1" files="1" classes="1"/>
    <file name="nodeList.js" path="C:\Users\Alexa Ngo\Desktop\JESTProjects\nodeListImplementation\nodeList.js">
      <metrics statements="54" coveredstatements="54" conditionals="11" coveredconditionals="11" methods="10" coveredmethods="10"/>
      <line num="4" count="69" type="stmt"/>
      <line num="5" count="69" type="stmt"/>
      <line num="9" count="73" type="stmt"/>
      <line num="13" count="115" type="stmt"/>
      <line num="17" count="72" type="stmt"/>
      <line num="26" count="15" type="stmt"/>
      <line num="31" count="2" type="stmt"/>
      <line num="32" count="2" type="stmt"/>
      <line num="34" count="2" type="cond" truecount="2" falsecount="0"/>
      <line num="35" count="1" type="stmt"/>
      <line num="36" count="1" type="stmt"/>
      <line num="39" count="1" type="stmt"/>
      <line num="40" count="1" type="stmt"/>
      <line num="42" count="1" type="stmt"/>
      <line num="43" count="1" type="stmt"/>
      <line num="48" count="11" type="stmt"/>
      <line num="49" count="11" type="stmt"/>
      <line num="51" count="11" type="stmt"/>
      <line num="52" count="38" type="stmt"/>
      <line num="53" count="38" type="stmt"/>
      <line num="55" count="11" type="stmt"/>
      <line num="61" count="5" type="stmt"/>
      <line num="62" count="5" type="stmt"/>
      <line num="64" count="5" type="cond" truecount="2" falsecount="0"/>
      <line num="65" count="1" type="stmt"/>
      <line num="66" count="1" type="stmt"/>
      <line num="68" count="4" type="stmt"/>
      <line num="69" count="4" type="cond" truecount="2" falsecount="0"/>
      <line num="70" count="1" type="stmt"/>
      <line num="71" count="1" type="stmt"/>
      <line num="73" count="3" type="stmt"/>
      <line num="75" count="3" type="stmt"/>
      <line num="76" count="11" type="stmt"/>
      <line num="77" count="11" type="cond" truecount="2" falsecount="0"/>
      <line num="78" count="2" type="stmt"/>
      <line num="79" count="2" type="stmt"/>
      <line num="82" count="1" type="stmt"/>
      <line num="88" count="3" type="stmt"/>
      <line num="90" count="3" type="stmt"/>
      <line num="91" count="11" type="cond" truecount="2" falsecount="0"/>
      <line num="92" count="2" type="stmt"/>
      <line num="94" count="9" type="stmt"/>
      <line num="96" count="1" type="stmt"/>
      <line num="101" count="2" type="stmt"/>
      <line num="102" count="2" type="stmt"/>
      <line num="103" count="2" type="stmt"/>
      <line num="104" count="2" type="stmt"/>
      <line num="106" count="2" type="stmt"/>
      <line num="107" count="11" type="stmt"/>
      <line num="108" count="11" type="stmt"/>
      <line num="109" count="11" type="stmt"/>
      <line num="110" count="11" type="stmt"/>
      <line num="112" count="2" type="stmt"/>
      <line num="113" count="2" type="stmt"/>
    </file>
  </project>
</coverage>
