{"C:\\Users\\Alexa Ngo\\Desktop\\JESTProjects\\nodeListImplementation\\nodeList.js": {"path":"C:\\Users\\Alexa Ngo\\Desktop\\JESTProjects\\nodeListImplementation\\nodeList.js","statementMap":{"0":{"start":{"line":4,"column":4},"end":{"line":4,"column":24}},"1":{"start":{"line":5,"column":4},"end":{"line":5,"column":22}},"2":{"start":{"line":9,"column":4},"end":{"line":9,"column":23}},"3":{"start":{"line":13,"column":4},"end":{"line":13,"column":22}},"4":{"start":{"line":17,"column":4},"end":{"line":17,"column":25}},"5":{"start":{"line":26,"column":4},"end":{"line":26,"column":22}},"6":{"start":{"line":31,"column":20},"end":{"line":31,"column":35}},"7":{"start":{"line":32,"column":15},"end":{"line":32,"column":25}},"8":{"start":{"line":34,"column":4},"end":{"line":37,"column":5}},"9":{"start":{"line":35,"column":6},"end":{"line":35,"column":21}},"10":{"start":{"line":36,"column":6},"end":{"line":36,"column":18}},"11":{"start":{"line":39,"column":4},"end":{"line":41,"column":5}},"12":{"start":{"line":40,"column":6},"end":{"line":40,"column":28}},"13":{"start":{"line":42,"column":4},"end":{"line":42,"column":26}},"14":{"start":{"line":43,"column":4},"end":{"line":43,"column":16}},"15":{"start":{"line":48,"column":15},"end":{"line":48,"column":20}},"16":{"start":{"line":49,"column":19},"end":{"line":49,"column":21}},"17":{"start":{"line":51,"column":4},"end":{"line":54,"column":5}},"18":{"start":{"line":52,"column":6},"end":{"line":52,"column":35}},"19":{"start":{"line":53,"column":6},"end":{"line":53,"column":28}},"20":{"start":{"line":55,"column":4},"end":{"line":55,"column":18}},"21":{"start":{"line":61,"column":15},"end":{"line":61,"column":25}},"22":{"start":{"line":62,"column":16},"end":{"line":62,"column":26}},"23":{"start":{"line":64,"column":4},"end":{"line":67,"column":5}},"24":{"start":{"line":65,"column":6},"end":{"line":65,"column":30}},"25":{"start":{"line":66,"column":6},"end":{"line":66,"column":19}},"26":{"start":{"line":68,"column":4},"end":{"line":83,"column":5}},"27":{"start":{"line":69,"column":6},"end":{"line":72,"column":7}},"28":{"start":{"line":70,"column":8},"end":{"line":70,"column":47}},"29":{"start":{"line":71,"column":8},"end":{"line":71,"column":21}},"30":{"start":{"line":73,"column":6},"end":{"line":73,"column":35}},"31":{"start":{"line":75,"column":6},"end":{"line":81,"column":7}},"32":{"start":{"line":75,"column":22},"end":{"line":75,"column":27}},"33":{"start":{"line":76,"column":25},"end":{"line":76,"column":39}},"34":{"start":{"line":77,"column":8},"end":{"line":80,"column":9}},"35":{"start":{"line":78,"column":10},"end":{"line":78,"column":43}},"36":{"start":{"line":79,"column":10},"end":{"line":79,"column":23}},"37":{"start":{"line":82,"column":6},"end":{"line":82,"column":19}},"38":{"start":{"line":88,"column":15},"end":{"line":88,"column":25}},"39":{"start":{"line":90,"column":4},"end":{"line":95,"column":5}},"40":{"start":{"line":91,"column":6},"end":{"line":93,"column":7}},"41":{"start":{"line":92,"column":8},"end":{"line":92,"column":20}},"42":{"start":{"line":94,"column":6},"end":{"line":94,"column":28}},"43":{"start":{"line":96,"column":4},"end":{"line":96,"column":17}},"44":{"start":{"line":101,"column":20},"end":{"line":101,"column":25}},"45":{"start":{"line":102,"column":13},"end":{"line":102,"column":18}},"46":{"start":{"line":103,"column":13},"end":{"line":103,"column":25}},"47":{"start":{"line":104,"column":13},"end":{"line":104,"column":15}},"48":{"start":{"line":106,"column":4},"end":{"line":111,"column":5}},"49":{"start":{"line":107,"column":6},"end":{"line":107,"column":24}},"50":{"start":{"line":108,"column":6},"end":{"line":108,"column":21}},"51":{"start":{"line":109,"column":6},"end":{"line":109,"column":14}},"52":{"start":{"line":110,"column":6},"end":{"line":110,"column":14}},"53":{"start":{"line":112,"column":4},"end":{"line":112,"column":26}},"54":{"start":{"line":113,"column":4},"end":{"line":113,"column":14}}},"fnMap":{"0":{"name":"(anonymous_0)","decl":{"start":{"line":3,"column":2},"end":{"line":3,"column":3}},"loc":{"start":{"line":3,"column":21},"end":{"line":6,"column":3}},"line":3},"1":{"name":"(anonymous_1)","decl":{"start":{"line":8,"column":2},"end":{"line":8,"column":3}},"loc":{"start":{"line":8,"column":13},"end":{"line":10,"column":3}},"line":8},"2":{"name":"(anonymous_2)","decl":{"start":{"line":12,"column":2},"end":{"line":12,"column":3}},"loc":{"start":{"line":12,"column":12},"end":{"line":14,"column":3}},"line":12},"3":{"name":"(anonymous_3)","decl":{"start":{"line":16,"column":2},"end":{"line":16,"column":3}},"loc":{"start":{"line":16,"column":19},"end":{"line":18,"column":3}},"line":16},"4":{"name":"(anonymous_4)","decl":{"start":{"line":25,"column":2},"end":{"line":25,"column":3}},"loc":{"start":{"line":25,"column":27},"end":{"line":27,"column":3}},"line":25},"5":{"name":"(anonymous_5)","decl":{"start":{"line":30,"column":2},"end":{"line":30,"column":3}},"loc":{"start":{"line":30,"column":13},"end":{"line":44,"column":3}},"line":30},"6":{"name":"(anonymous_6)","decl":{"start":{"line":47,"column":2},"end":{"line":47,"column":3}},"loc":{"start":{"line":47,"column":19},"end":{"line":56,"column":3}},"line":47},"7":{"name":"(anonymous_7)","decl":{"start":{"line":60,"column":2},"end":{"line":60,"column":3}},"loc":{"start":{"line":60,"column":20},"end":{"line":84,"column":3}},"line":60},"8":{"name":"(anonymous_8)","decl":{"start":{"line":87,"column":2},"end":{"line":87,"column":3}},"loc":{"start":{"line":87,"column":18},"end":{"line":97,"column":3}},"line":87},"9":{"name":"(anonymous_9)","decl":{"start":{"line":100,"column":2},"end":{"line":100,"column":3}},"loc":{"start":{"line":100,"column":17},"end":{"line":114,"column":3}},"line":100}},"branchMap":{"0":{"loc":{"start":{"line":25,"column":14},"end":{"line":25,"column":25}},"type":"default-arg","locations":[{"start":{"line":25,"column":21},"end":{"line":25,"column":25}}],"line":25},"1":{"loc":{"start":{"line":34,"column":4},"end":{"line":37,"column":5}},"type":"if","locations":[{"start":{"line":34,"column":4},"end":{"line":37,"column":5}},{"start":{},"end":{}}],"line":34},"2":{"loc":{"start":{"line":64,"column":4},"end":{"line":67,"column":5}},"type":"if","locations":[{"start":{"line":64,"column":4},"end":{"line":67,"column":5}},{"start":{},"end":{}}],"line":64},"3":{"loc":{"start":{"line":69,"column":6},"end":{"line":72,"column":7}},"type":"if","locations":[{"start":{"line":69,"column":6},"end":{"line":72,"column":7}},{"start":{},"end":{}}],"line":69},"4":{"loc":{"start":{"line":77,"column":8},"end":{"line":80,"column":9}},"type":"if","locations":[{"start":{"line":77,"column":8},"end":{"line":80,"column":9}},{"start":{},"end":{}}],"line":77},"5":{"loc":{"start":{"line":91,"column":6},"end":{"line":93,"column":7}},"type":"if","locations":[{"start":{"line":91,"column":6},"end":{"line":93,"column":7}},{"start":{},"end":{}}],"line":91}},"s":{"0":69,"1":69,"2":73,"3":115,"4":72,"5":15,"6":2,"7":2,"8":2,"9":1,"10":1,"11":1,"12":1,"13":1,"14":1,"15":11,"16":11,"17":11,"18":38,"19":38,"20":11,"21":5,"22":5,"23":5,"24":1,"25":1,"26":4,"27":4,"28":1,"29":1,"30":3,"31":3,"32":3,"33":11,"34":11,"35":2,"36":2,"37":1,"38":3,"39":3,"40":11,"41":2,"42":9,"43":1,"44":2,"45":2,"46":2,"47":2,"48":2,"49":11,"50":11,"51":11,"52":11,"53":2,"54":2},"f":{"0":69,"1":73,"2":115,"3":72,"4":15,"5":2,"6":11,"7":5,"8":3,"9":2},"b":{"0":[1],"1":[1,1],"2":[1,4],"3":[1,3],"4":[2,9],"5":[2,9]},"_coverageSchema":"1a1c01bbd47fc00a2c39e90264f33305004495a9","hash":"1693fdd19c7c231f3563b7e2e85c7c768e2982a6"}
}
