TN:
SF:nodeList.js
FN:4,(anonymous_0)
FN:9,(anonymous_1)
FN:13,(anonymous_2)
FN:17,(anonymous_3)
FN:25,(anonymous_4)
FN:30,(anonymous_5)
FN:47,(anonymous_6)
FN:60,(anonymous_7)
FN:73,(anonymous_8)
FN:100,(anonymous_9)
FNF:10
FNH:10
FNDA:69,(anonymous_0)
FNDA:73,(anonymous_1)
FNDA:115,(anonymous_2)
FNDA:72,(anonymous_3)
FNDA:15,(anonymous_4)
FNDA:2,(anonymous_5)
FNDA:3,(anonymous_6)
FNDA:11,(anonymous_7)
FNDA:5,(anonymous_8)
FNDA:2,(anonymous_9)
DA:5,69
DA:6,69
DA:10,73
DA:14,115
DA:18,72
DA:26,15
DA:31,2
DA:32,2
DA:34,2
DA:35,1
DA:36,1
DA:39,1
DA:40,1
DA:42,1
DA:43,1
DA:48,3
DA:50,3
DA:51,11
DA:52,2
DA:54,9
DA:56,1
DA:61,11
DA:62,11
DA:64,11
DA:65,38
DA:66,38
DA:68,11
DA:74,5
DA:75,5
DA:77,5
DA:78,1
DA:79,1
DA:81,4
DA:82,4
DA:83,1
DA:84,1
DA:86,3
DA:88,3
DA:89,11
DA:90,11
DA:91,2
DA:92,2
DA:95,1
DA:101,2
DA:102,2
DA:103,2
DA:104,2
DA:106,2
DA:107,11
DA:108,11
DA:109,11
DA:110,11
DA:112,2
DA:113,2
LF:54
LH:54
BRDA:25,0,0,1
BRDA:34,1,0,1
BRDA:34,1,1,1
BRDA:51,2,0,2
BRDA:51,2,1,9
BRDA:77,3,0,1
BRDA:77,3,1,4
BRDA:82,4,0,1
BRDA:82,4,1,3
BRDA:90,5,0,2
BRDA:90,5,1,9
BRF:11
BRH:11
end_of_record
