TN:
SF:nodeList.js
FN:3,(anonymous_0)
FN:8,(anonymous_1)
FN:12,(anonymous_2)
FN:16,(anonymous_3)
FN:25,(anonymous_4)
FN:30,(anonymous_5)
FN:47,(anonymous_6)
FN:60,(anonymous_7)
FN:87,(anonymous_8)
FN:100,(anonymous_9)
FNF:10
FNH:10
FNDA:69,(anonymous_0)
FNDA:73,(anonymous_1)
FNDA:115,(anonymous_2)
FNDA:72,(anonymous_3)
FNDA:15,(anonymous_4)
FNDA:2,(anonymous_5)
FNDA:11,(anonymous_6)
FNDA:5,(anonymous_7)
FNDA:3,(anonymous_8)
FNDA:2,(anonymous_9)
DA:4,69
DA:5,69
DA:9,73
DA:13,115
DA:17,72
DA:26,15
DA:31,2
DA:32,2
DA:34,2
DA:35,1
DA:36,1
DA:39,1
DA:40,1
DA:42,1
DA:43,1
DA:48,11
DA:49,11
DA:51,11
DA:52,38
DA:53,38
DA:55,11
DA:61,5
DA:62,5
DA:64,5
DA:65,1
DA:66,1
DA:68,4
DA:69,4
DA:70,1
DA:71,1
DA:73,3
DA:75,3
DA:76,11
DA:77,11
DA:78,2
DA:79,2
DA:82,1
DA:88,3
DA:90,3
DA:91,11
DA:92,2
DA:94,9
DA:96,1
DA:101,2
DA:102,2
DA:103,2
DA:104,2
DA:106,2
DA:107,11
DA:108,11
DA:109,11
DA:110,11
DA:112,2
DA:113,2
LF:54
LH:54
BRDA:25,0,0,1
BRDA:34,1,0,1
BRDA:34,1,1,1
BRDA:64,2,0,1
BRDA:64,2,1,4
BRDA:69,3,0,1
BRDA:69,3,1,3
BRDA:77,4,0,2
BRDA:77,4,1,9
BRDA:91,5,0,2
BRDA:91,5,1,9
BRF:11
BRH:11
end_of_record
